<?xml version="1.0" encoding="UTF-8"?>
<!-- Generated by org.testng.reporters.JUnitXMLReporter -->
<testsuite ignored="0" hostname="DESKTOP-225NI4Q" failures="0" tests="3" name="Default test" time="77.49" errors="0" timestamp="2025-10-25T23:19:01 ICT">
  <testcase classname="automation.testsuite.BTVN_Day8" name="getElementbyId_Day8_Bai2" time="3.903"/>
  <testcase classname="automation.testsuite.BTVN_Day8" name="getElementbyname_Day8_Bai1" time="4.263"/>
  <testcase classname="automation.testsuite.BTVN_Day8" name="getElementbyname_Day8_Bai2" time="69.273"/>
</testsuite> <!-- Default test -->
