<?xml version="1.0" encoding="UTF-8"?>
<!-- Generated by org.testng.reporters.JUnitXMLReporter -->
<testsuite ignored="1" hostname="DESKTOP-225NI4Q" failures="0" tests="1" name="Default test" time="4.75" errors="0" timestamp="2025-10-26T00:00:33 ICT">
  <testcase classname="automation.testsuite.BTVN_Day8_Bài2" name="getElementbyname_Day8_Bai2" time="0.027"/>
  <testcase classname="automation.testsuite.BTVN_Day8_Bài2" name="getElementbyId_Day8_Bai2" time="0.0">
    <ignored/>
  </testcase> <!-- getElementbyId_Day8_Bai2 -->
</testsuite> <!-- Default test -->
