<?xml version="1.0" encoding="UTF-8"?>
<testng-results ignored="1" total="2" passed="1" failed="0" skipped="0">
  <reporter-output>
  </reporter-output>
  <suite started-at="2025-10-26T00:00:28 ICT" name="Default suite" finished-at="2025-10-26T00:00:33 ICT" duration-ms="4750">
    <groups>
    </groups>
    <test started-at="2025-10-26T00:00:28 ICT" name="Default test" finished-at="2025-10-26T00:00:33 ICT" duration-ms="4750">
      <class name="automation.testsuite.BTVN_Day8_Bài2">
        <test-method is-config="true" signature="init1()[pri:0, instance:automation.testsuite.BTVN_Day8_Bài2@623a8092]" started-at="2025-10-26T00:00:28 ICT" name="init1" finished-at="2025-10-26T00:00:32 ICT" duration-ms="3891" status="PASS">
          <reporter-output>
          </reporter-output>
        </test-method> <!-- init1 -->
        <test-method signature="getElementbyname_Day8_Bai2()[pri:0, instance:automation.testsuite.BTVN_Day8_Bài2@623a8092]" started-at="2025-10-26T00:00:32 ICT" name="getElementbyname_Day8_Bai2" finished-at="2025-10-26T00:00:32 ICT" duration-ms="27" status="PASS">
          <reporter-output>
          </reporter-output>
        </test-method> <!-- getElementbyname_Day8_Bai2 -->
        <test-method is-config="true" signature="tearDown()[pri:0, instance:automation.testsuite.BTVN_Day8_Bài2@623a8092]" started-at="2025-10-26T00:00:32 ICT" name="tearDown" finished-at="2025-10-26T00:00:33 ICT" duration-ms="799" status="PASS">
          <reporter-output>
          </reporter-output>
        </test-method> <!-- tearDown -->
      </class> <!-- automation.testsuite.BTVN_Day8_Bài2 -->
    </test> <!-- Default test -->
  </suite> <!-- Default suite -->
</testng-results>
